Traceback (most recent call last):
  File "main.py", line 1, in <module>
  File "<loader>", line 10, in <module>
  File "<loader>", line 8, in __load
ImportError: (No module named 'sip') 'C:\\Users\\yvgen\\Desktop\\Randomiser_src-master\\dist\\PyQt4.QtGui.pyd'
Traceback (most recent call last):
  File "main.py", line 1, in <module>
  File "<loader>", line 10, in <module>
  File "<loader>", line 8, in __load
ImportError: (No module named 'sip') 'C:\\Users\\yvgen\\Desktop\\Randomiser_src-master\\dist\\PyQt4.QtGui.pyd'
Traceback (most recent call last):
  File "main.py", line 6, in <module>
  File "C:\Python34\lib\site-packages\openpyxl\__init__.py", line 29, in <module>
    from openpyxl.workbook import Workbook
  File "C:\Python34\lib\site-packages\openpyxl\workbook\__init__.py", line 5, in <module>
    from .workbook import Workbook
  File "C:\Python34\lib\site-packages\openpyxl\workbook\workbook.py", line 16, in <module>
    from openpyxl.writer.write_only import WriteOnlyWorksheet, save_dump
  File "C:\Python34\lib\site-packages\openpyxl\writer\write_only.py", line 23, in <module>
    from .excel import ExcelWriter
  File "C:\Python34\lib\site-packages\openpyxl\writer\excel.py", line 36, in <module>
    from openpyxl.packaging.extended import ExtendedProperties
  File "C:\Python34\lib\site-packages\openpyxl\packaging\extended.py", line 4, in <module>
    from openpyxl import __version__
ImportError: cannot import name '__version__'
Traceback (most recent call last):
  File "main.py", line 6, in <module>
Traceback (most recent call last):
  File "main.py", line 6, in <module>
  File "C:\Python34\lib\site-packages\openpyxl\__init__.py", line 29, in <module>
  File "C:\Python34\lib\site-packages\openpyxl\__init__.py", line 29, in <module>
    from openpyxl.workbook import Workbook    
from openpyxl.workbook import Workbook  File "C:\Python34\lib\site-packages\openpyxl\workbook\__init__.py", line 5, in <module>

  File "C:\Python34\lib\site-packages\openpyxl\workbook\__init__.py", line 5, in <module>
    from .workbook import Workbook
om .workbook import Workbook  File "C:\Python34\lib\site-packages\openpyxl\workbook\workbook.py", line 16, in <module>

  File "C:\Python34\lib\site-packages\openpyxl\workbook\workbook.py", line 16, in <module>
    from openpyxl.writer.write_only import WriteOnlyWorksheet, save_dump
  File "C:\Python34\lib\site-packages\openpyxl\writer\write_only.py", line 23, in <module>
    from openpyxl.writer.write_only import WriteOnlyWorksheet, save_dump
  File "C:\Python34\lib\site-packages\openpyxl\writer\write_only.py", line 23, in <module>
    from .excel import ExcelWriter
  File "C:\Python34\lib\site-packages\openpyxl\writer\excel.py", line 36, in <module>
    from .excel import ExcelWriter
  File "C:\Python34\lib\site-packages\openpyxl\writer\excel.py", line 36, in <module>
    from openpyxl.packaging.extended import ExtendedProperties
  File "C:\Python34\lib\site-packages\openpyxl\packaging\extended.py", line 4, in <module>
    from openpyxl.packaging.extended import ExtendedProperties
  File "C:\Python34\lib\site-packages\openpyxl\packaging\extended.py", line 4, in <module>
    from openpyxl import __version__
ImportError: cannot import name '__version__'
    from openpyxl import __version__
ImportError: cannot import name '__version__'
Traceback (most recent call last):
  File "main.py", line 6, in <module>
  File "C:\Python34\lib\site-packages\openpyxl\__init__.py", line 29, in <module>
    from openpyxl.workbook import Workbook
  File "C:\Python34\lib\site-packages\openpyxl\workbook\__init__.py", line 5, in <module>
    from .workbook import Workbook
  File "C:\Python34\lib\site-packages\openpyxl\workbook\workbook.py", line 16, in <module>
    from openpyxl.writer.write_only import WriteOnlyWorksheet, save_dump
  File "C:\Python34\lib\site-packages\openpyxl\writer\write_only.py", line 23, in <module>
    from .excel import ExcelWriter
  File "C:\Python34\lib\site-packages\openpyxl\writer\excel.py", line 36, in <module>
    from openpyxl.packaging.extended import ExtendedProperties
  File "C:\Python34\lib\site-packages\openpyxl\packaging\extended.py", line 4, in <module>
    from openpyxl import __version__
ImportError: cannot import name '__version__'
Traceback (most recent call last):
  File "main.py", line 33, in start_p
ValueError: invalid literal for int() with base 10: 'h'
